[13:28:49] [modloading-worker-0/INFO] ========================================
[13:28:49] [modloading-worker-0/INFO] Minecraft: 1.18.2
[13:28:49] [modloading-worker-0/INFO] Side: server
[13:28:49] [modloading-worker-0/INFO] Development: false
[13:28:49] [modloading-worker-0/INFO] Version: 8.3.588
[13:28:49] [modloading-worker-0/INFO] Loader:
[13:28:49] [modloading-worker-0/INFO] - Forge: 40.2.1
[13:28:49] [modloading-worker-0/INFO] Dependencies:
[13:28:49] [modloading-worker-0/INFO] - Cloth Config: 6.4.90
[13:28:49] [modloading-worker-0/INFO] - Architectury: 4.10.88
[13:28:49] [modloading-worker-0/INFO] Mixin: 0.8.5
[13:28:49] [modloading-worker-0/INFO] OS: Windows 10 10.0 (amd64)
[13:28:49] [modloading-worker-0/INFO] Java: 17.0.2 (Eclipse Adoptium)
[13:28:49] [modloading-worker-0/INFO] ========================================
[13:28:49] [modloading-worker-0/INFO] Mods:
[13:28:49] [modloading-worker-0/INFO] - accelerateddecay: 0.1.3+mc1.18.2
[13:28:49] [modloading-worker-0/INFO] - advancedperipherals: 0.7.23r
[13:28:49] [modloading-worker-0/INFO] - ae2: 11.7.0
[13:28:49] [modloading-worker-0/INFO] - ae2things: 1.0.5
[13:28:49] [modloading-worker-0/INFO] - ae2wtlib: 11.6.3
[13:28:49] [modloading-worker-0/INFO] - appbot: 1.0.2-alpha
[13:28:49] [modloading-worker-0/INFO] - appleskin: 2.4.1+mc1.18.2
[13:28:49] [modloading-worker-0/INFO] - appmek: 1.2.2
[13:28:49] [modloading-worker-0/INFO] - architectury: 4.10.88
[13:28:49] [modloading-worker-0/INFO] - ars_creo: 2.1.4
[13:28:49] [modloading-worker-0/INFO] - ars_nouveau: 2.8.0
[13:28:49] [modloading-worker-0/INFO] - autoreglib: 1.7-53
[13:28:49] [modloading-worker-0/INFO] - autosmithingtable: 1.2.4
[13:28:49] [modloading-worker-0/INFO] - avaritia: 4.0.0.4
[13:28:49] [modloading-worker-0/INFO] - balm: 3.2.1+0
[13:28:49] [modloading-worker-0/INFO] - bambooeverything: 1.3.8-build.45+mc1.18.2
[13:28:49] [modloading-worker-0/INFO] - bcc: 1.1.21-build.48+mc1.18.2
[13:28:49] [modloading-worker-0/INFO] - betterthanbunnies: 1.2.0
[13:28:49] [modloading-worker-0/INFO] - bloodmagic: 1.18.2-3.2.6-41
[13:28:49] [modloading-worker-0/INFO] - bookshelf: 13.2.51
[13:28:49] [modloading-worker-0/INFO] - botania: 1.18.2-435
[13:28:49] [modloading-worker-0/INFO] - botanypots: 8.0.23
[13:28:49] [modloading-worker-0/INFO] - botanytrees: 4.0.6
[13:28:49] [modloading-worker-0/INFO] - buddingcrystals: 1.1.1
[13:28:49] [modloading-worker-0/INFO] - buildinggadgets: 3.13.1-build.18+mc1.18.2
[13:28:49] [modloading-worker-0/INFO] - cccbridge: 1.3.1
[13:28:49] [modloading-worker-0/INFO] - champions: 1.18.2-2.1.6.1
[13:28:49] [modloading-worker-0/INFO] - chancecubes: 1.18.2-5.0.2.478
[13:28:49] [modloading-worker-0/INFO] - charginggadgets: 1.7.0
[13:28:49] [modloading-worker-0/INFO] - chickens: 1.0.30
[13:28:49] [modloading-worker-0/INFO] - chipped: 2.0.1
[13:28:49] [modloading-worker-0/INFO] - chiselsandbits: 1.2.116
[13:28:49] [modloading-worker-0/INFO] - climbladdersfast: 2.2.3-1.18
[13:28:49] [modloading-worker-0/INFO] - cloth_config: 6.4.90
[13:28:49] [modloading-worker-0/INFO] - cobblefordays: 1.5.1
[13:28:49] [modloading-worker-0/INFO] - codechickenlib: 4.1.2.475
[13:28:49] [modloading-worker-0/INFO] - cofh_core: 9.1.2.32
[13:28:49] [modloading-worker-0/INFO] - collective: 5.45
[13:28:49] [modloading-worker-0/INFO] - compactcrafting: 2.0.0
[13:28:49] [modloading-worker-0/INFO] - compactmachines: 4.5.0
[13:28:49] [modloading-worker-0/INFO] - computercraft: 1.101.0
[13:28:49] [modloading-worker-0/INFO] - configured: 2.0.0
[13:28:49] [modloading-worker-0/INFO] - connectedglass: 1.1.4
[13:28:49] [modloading-worker-0/INFO] - constructionwand: 1.18.2-2.7
[13:28:49] [modloading-worker-0/INFO] - controlling: 9.0+22
[13:28:49] [modloading-worker-0/INFO] - cosmeticarmorreworked: 1.18.2-v2a
[13:28:49] [modloading-worker-0/INFO] - craftingtweaks: 14.0.3
[13:28:49] [modloading-worker-0/INFO] - crashutilities: 4.1
[13:28:49] [modloading-worker-0/INFO] - create: 0.5.0.i
[13:28:49] [modloading-worker-0/INFO] - createaddition: 1.18.2-20221219a
[13:28:49] [modloading-worker-0/INFO] - createchunkloading: 1.2.1
[13:28:49] [modloading-worker-0/INFO] - ctm: 1.18.2-1.1.5+5
[13:28:49] [modloading-worker-0/INFO] - curios: 1.18.2-5.0.7.1
[13:28:49] [modloading-worker-0/INFO] - darkutils: 10.0.5
[13:28:49] [modloading-worker-0/INFO] - ding: 1.3.0
[13:28:49] [modloading-worker-0/INFO] - dsp: 1.0.1-build.10+mc1.18.2
[13:28:49] [modloading-worker-0/INFO] - durabilitytooltip: 1.1.4
[13:28:49] [modloading-worker-0/INFO] - dynamic_asset_generator: 0.6.3
[13:28:49] [modloading-worker-0/INFO] - eccentrictome: 1.18.2-1.9.1
[13:28:49] [modloading-worker-0/INFO] - elevatorid: 1.18.2-1.8.4
[13:28:49] [modloading-worker-0/INFO] - emojiful: 1.18.2-3.0.1
[13:28:49] [modloading-worker-0/INFO] - enderstorage: 2.9.0.182
[13:28:49] [modloading-worker-0/INFO] - engineersdecor: 1.1.28
[13:28:49] [modloading-worker-0/INFO] - entangled: 1.3.11
[13:28:49] [modloading-worker-0/INFO] - entangledfix: 1.0
[13:28:49] [modloading-worker-0/INFO] - experienceobelisk: 1.3.6
[13:28:49] [modloading-worker-0/INFO] - extendedexchange: 1802.2.7
[13:28:49] [modloading-worker-0/INFO] - farmersdelight: 1.18.2-1.2.0
[13:28:49] [modloading-worker-0/INFO] - ferritecore: 4.2.2
[13:28:49] [modloading-worker-0/INFO] - findme: 3.0.6
[13:28:49] [modloading-worker-0/INFO] - fluxnetworks: 7.0.8.12
[13:28:49] [modloading-worker-0/INFO] - flywheel: 0.6.8.a
[13:28:49] [modloading-worker-0/INFO] - forge: 40.2.1
[13:28:49] [modloading-worker-0/INFO] - framedblocks: 5.10.0
[13:28:49] [modloading-worker-0/INFO] - ftbauxilium: 1802.1.7-build.31
[13:28:49] [modloading-worker-0/INFO] - ftbbackups2: 1.0.17
[13:28:49] [modloading-worker-0/INFO] - ftbchunks: 1802.3.13-build.234
[13:28:49] [modloading-worker-0/INFO] - ftbdripper: 1802.1.3-build.28
[13:28:49] [modloading-worker-0/INFO] - ftbessentials: 1802.1.7-build.42
[13:28:49] [modloading-worker-0/INFO] - ftblibrary: 1802.3.9-build.167
[13:28:49] [modloading-worker-0/INFO] - ftbquests: 1802.3.13-build.175
[13:28:49] [modloading-worker-0/INFO] - ftbranks: 1802.1.11-build.71
[13:28:49] [modloading-worker-0/INFO] - ftbsbc: 0.6.8+mc1.18.2
[13:28:49] [modloading-worker-0/INFO] - ftbteams: 1802.2.10-build.96
[13:28:49] [modloading-worker-0/INFO] - ftbultimine: 1802.3.3-build.70
[13:28:49] [modloading-worker-0/INFO] - functionalstorage: 1.18.2-1.1.3
[13:28:49] [modloading-worker-0/INFO] - furnacerecycle: 1.2
[13:28:49] [modloading-worker-0/INFO] - gag: 1.1.0-build.21
[13:28:49] [modloading-worker-0/INFO] - geckolib3: 3.0.57
[13:28:49] [modloading-worker-0/INFO] - gravestone: 1.18.2-1.0.2
[13:28:49] [modloading-worker-0/INFO] - harvest: 1.1
[13:28:49] [modloading-worker-0/INFO] - immersiveengineering: 1.18.2-8.3.1-157
[13:28:49] [modloading-worker-0/INFO] - incontrol: 1.18-6.1.2
[13:28:49] [modloading-worker-0/INFO] - industrialforegoing: 3.3.1.5
[13:28:49] [modloading-worker-0/INFO] - instrumentalmobs: 1.3.4
[13:28:49] [modloading-worker-0/INFO] - inventoryessentials: 4.0.2
[13:28:49] [modloading-worker-0/INFO] - inventorysorter: 19.0.4
[13:28:49] [modloading-worker-0/INFO] - ironchest: 1.18.2-13.2.11
[13:28:49] [modloading-worker-0/INFO] - ironfurnaces: 3.3.3
[13:28:49] [modloading-worker-0/INFO] - itemcollectors: 1.1.5
[13:28:49] [modloading-worker-0/INFO] - itemfilters: 1802.2.8-build.47
[13:28:49] [modloading-worker-0/INFO] - jade: 5.2.6
[13:28:49] [modloading-worker-0/INFO] - jadeaddons: 2.4.1
[13:28:49] [modloading-worker-0/INFO] - jags: 1.3.3-build.16+mc1.18.2
[13:28:49] [modloading-worker-0/INFO] - jei: 9.9999
[13:28:49] [modloading-worker-0/INFO] - justhammers: 0.1.2+mc1.18.2
[13:28:49] [modloading-worker-0/INFO] - kubejs: 1802.5.5-build.562
[13:28:49] [modloading-worker-0/INFO] - kubejs_blood_magic: 1802.1.2-build.4
[13:28:49] [modloading-worker-0/INFO] - kubejs_create: 1802.2.2-build.28
[13:28:49] [modloading-worker-0/INFO] - kubejs_immersive_engineering: 1802.2.1-build.35
[13:28:49] [modloading-worker-0/INFO] - kubejs_mekanism: 1802.1.3-build.8
[13:28:49] [modloading-worker-0/INFO] - kubejs_thermal: 1802.1.5-build.16
[13:28:49] [modloading-worker-0/INFO] - kubejs_tinkers_construct: 1802.1.0-build.1
[13:28:49] [modloading-worker-0/INFO] - kubejs_ui: 1802.1.8-build.17
[13:28:49] [modloading-worker-0/INFO] - kubeutils: 0.1.4+mc1.18.2
[13:28:49] [modloading-worker-0/INFO] - laserio: 1.4.5
[13:28:49] [modloading-worker-0/INFO] - libx: 1.18.2-3.2.19
[13:28:49] [modloading-worker-0/INFO] - lightoverlay: 6.0.5
[13:28:49] [modloading-worker-0/INFO] - literalskyblock: 1802.1.4-build.5
[13:28:49] [modloading-worker-0/INFO] - luggage: 1.3.2
[13:28:49] [modloading-worker-0/INFO] - mantle: 1.9.31
[13:28:49] [modloading-worker-0/INFO] - mcjtylib: 1.18-6.0.20
[13:28:49] [modloading-worker-0/INFO] - mcwbridges: 2.0.6
[13:28:49] [modloading-worker-0/INFO] - mcwdoors: 1.0.7
[13:28:49] [modloading-worker-0/INFO] - mcwfences: 1.0.7
[13:28:49] [modloading-worker-0/INFO] - mcwfurnitures: 3.0.2
[13:28:49] [modloading-worker-0/INFO] - mcwlights: 1.0.5
[13:28:49] [modloading-worker-0/INFO] - mcwpaintings: 1.0.4
[13:28:49] [modloading-worker-0/INFO] - mcwpaths: 1.0.2
[13:28:49] [modloading-worker-0/INFO] - mcwroofs: 2.2.2
[13:28:49] [modloading-worker-0/INFO] - mcwtrpdoors: 1.0.8
[13:28:49] [modloading-worker-0/INFO] - mcwwindows: 2.1.1
[13:28:49] [modloading-worker-0/INFO] - measurements: 1.3.1
[13:28:49] [modloading-worker-0/INFO] - mekanism: 10.2.5
[13:28:49] [modloading-worker-0/INFO] - mekanismgenerators: 10.2.5
[13:28:49] [modloading-worker-0/INFO] - mekanismtools: 10.2.5
[13:28:49] [modloading-worker-0/INFO] - mekfix: 1.0.1-build.2+mc1.18.2
[13:28:49] [modloading-worker-0/INFO] - merequester: 1.18.2-1.0.2
[13:28:49] [modloading-worker-0/INFO] - metalbarrels: 1.18.2-4.3
[13:28:49] [modloading-worker-0/INFO] - minecraft: 1.18.2
[13:28:49] [modloading-worker-0/INFO] - minetogether: 6.0.15
[13:28:49] [modloading-worker-0/INFO] - minicoal: 1.18.1-1.0.0
[13:28:49] [modloading-worker-0/INFO] - mininggadgets: 1.11.1
[13:28:49] [modloading-worker-0/INFO] - mob_grinding_utils: 1.18.2-0.4.47
[13:28:49] [modloading-worker-0/INFO] - modnametooltip: 1.18.0
[13:28:49] [modloading-worker-0/INFO] - mother_silverfish: 1.0.1
[13:28:49] [modloading-worker-0/INFO] - mousetweaks: 2.21
[13:28:49] [modloading-worker-0/INFO] - mute: 1.0.2-build.7+mc1.18.2
[13:28:49] [modloading-worker-0/INFO] - nethersdelight: 2.2
[13:28:49] [modloading-worker-0/INFO] - partyparrots: 1.1.0
[13:28:49] [modloading-worker-0/INFO] - patchouli: 1.18.2-71.1
[13:28:49] [modloading-worker-0/INFO] - pigpen: 8.0.1
[13:28:49] [modloading-worker-0/INFO] - pipez: 1.18.2-1.1.5
[13:28:49] [modloading-worker-0/INFO] - placebo: 6.6.6
[13:28:49] [modloading-worker-0/INFO] - plonk: 10.0.2
[13:28:49] [modloading-worker-0/INFO] - pocketstorage: 1.18.2-1.0.1-build.18
[13:28:49] [modloading-worker-0/INFO] - polylib: 1801.0.2-build.13
[13:28:49] [modloading-worker-0/INFO] - ponderjs: 1.1.8
[13:28:49] [modloading-worker-0/INFO] - portablecraftingtable: 3.0.2
[13:28:49] [modloading-worker-0/INFO] - powah: 3.0.7
[13:28:49] [modloading-worker-0/INFO] - ppfluids: 1.18.2-1.1.0
[13:28:49] [modloading-worker-0/INFO] - prettypipes: 1.12.8
[13:28:49] [modloading-worker-0/INFO] - projecte: 1.0.1
[13:28:49] [modloading-worker-0/INFO] - rechiseled: 1.0.10a
[13:28:49] [modloading-worker-0/INFO] - refinedstorage: 1.10.4
[13:28:49] [modloading-worker-0/INFO] - refinedstorageaddons: 0.8.2
[13:28:49] [modloading-worker-0/INFO] - rei_plugin_compatibilities: 8.0.42
[13:28:49] [modloading-worker-0/INFO] - rftoolsbase: 1.18-3.0.12
[13:28:49] [modloading-worker-0/INFO] - rftoolsbuilder: 1.18-4.1.1
[13:28:49] [modloading-worker-0/INFO] - rftoolspower: 1.18-4.0.9
[13:28:49] [modloading-worker-0/INFO] - rftoolsstorage: 1.18-3.0.12
[13:28:49] [modloading-worker-0/INFO] - rftoolsutility: 1.18-4.0.22
[13:28:49] [modloading-worker-0/INFO] - rhino: 1802.2.1-build.255
[13:28:49] [modloading-worker-0/INFO] - roughlyenoughitems: 8.3.588
[13:28:49] [modloading-worker-0/INFO] - roughlyenoughprofessions: 1.0.2
[13:28:49] [modloading-worker-0/INFO] - rsinfinitybooster: 1.18.2-2.1+20
[13:28:49] [modloading-worker-0/INFO] - rsrequestify: 2.2.0
[13:28:49] [modloading-worker-0/INFO] - runelic: 11.0.1
[13:28:49] [modloading-worker-0/INFO] - scaffoldingpower: 1.18.2-1.3.0
[13:28:49] [modloading-worker-0/INFO] - sdrp: 3.0.4-build.28+mc1.18.2
[13:28:49] [modloading-worker-0/INFO] - selene: 1.18.2-1.17.9
[13:28:49] [modloading-worker-0/INFO] - serverconfigupdater: 2.1
[13:28:49] [modloading-worker-0/INFO] - shrink: 1.3.3
[13:28:49] [modloading-worker-0/INFO] - simplemagnets: 1.1.8
[13:28:49] [modloading-worker-0/INFO] - simplybackpacks: 1.18.2-2.1.2-build.40
[13:28:49] [modloading-worker-0/INFO] - simplylight: 1.18.2-1.4.5-build.43
[13:28:49] [modloading-worker-0/INFO] - snad: 1.18.2-1.22.04.15a
[13:28:49] [modloading-worker-0/INFO] - soulshards: 1.18.2-1.3.4
[13:28:49] [modloading-worker-0/INFO] - spark: 1.9.11
[13:28:49] [modloading-worker-0/INFO] - squatgrow: 2.0.2-build.38+mc1.18.2
[13:28:49] [modloading-worker-0/INFO] - stackrefill: 3.2
[13:28:49] [modloading-worker-0/INFO] - stonechest: 1.1.1
[13:28:49] [modloading-worker-0/INFO] - structurecompass: 1.4.0
[13:28:49] [modloading-worker-0/INFO] - structureexpansion: 1802.1.2-build.6
[13:28:49] [modloading-worker-0/INFO] - summoningrituals: 1.18.2-1.1.8
[13:28:49] [modloading-worker-0/INFO] - supercircuitmaker: 0.2.9
[13:28:49] [modloading-worker-0/INFO] - supermartijn642configlib: 1.1.6
[13:28:49] [modloading-worker-0/INFO] - supermartijn642corelib: 1.0.19
[13:28:49] [modloading-worker-0/INFO] - supplementaries: 1.18.2-1.5.14
[13:28:49] [modloading-worker-0/INFO] - tcintegrations: 1.18.2-2.0.15.0
[13:28:49] [modloading-worker-0/INFO] - tconstruct: 3.5.3.63
[13:28:49] [modloading-worker-0/INFO] - tempad: 1.4.1
[13:28:49] [modloading-worker-0/INFO] - tesseract: 1.0.27
[13:28:49] [modloading-worker-0/INFO] - thermal: 9.1.0.34
[13:28:49] [modloading-worker-0/INFO] - thermal_expansion: 9.1.0.18
[13:28:49] [modloading-worker-0/INFO] - thermal_foundation: 9.1.0.34
[13:28:49] [modloading-worker-0/INFO] - thermal_integration: 9.1.0.10
[13:28:49] [modloading-worker-0/INFO] - tipsmod: 5.0.11
[13:28:49] [modloading-worker-0/INFO] - titanium: 3.5.8
[13:28:49] [modloading-worker-0/INFO] - tklib: 0.0.23
[13:28:49] [modloading-worker-0/INFO] - toastcontrol: 6.0.3
[13:28:49] [modloading-worker-0/INFO] - toolkit: 2.2.4-build.14+mc1.18.2
[13:28:49] [modloading-worker-0/INFO] - torchbowmod: 1.1
[13:28:49] [modloading-worker-0/INFO] - torchmaster: 18.1.0
[13:28:49] [modloading-worker-0/INFO] - trashcans: 1.0.15
[13:28:49] [modloading-worker-0/INFO] - trashslot: 11.0.2
[13:28:49] [modloading-worker-0/INFO] - travel_anchors: 1.18.2-3.3
[13:28:49] [modloading-worker-0/INFO] - waila: 5.2.6
[13:28:49] [modloading-worker-0/INFO] - woodenshears: 1.18.2-1.2.1.2
[13:28:49] [modloading-worker-0/INFO] - xnet: 1.18-4.0.8
[13:28:49] [modloading-worker-0/INFO] - xnetgases: 3.0.1
[13:28:49] [modloading-worker-0/INFO] - yeetusexperimentus: 1.0.2-build.7+mc1.18.2
[13:28:49] [modloading-worker-0/INFO] ========================================
[13:28:49] [modloading-worker-0/INFO] [REI] Registered plugin provider REI Plugin Compatibilities Server Handler [rei_plugin_compatibilities, jei] for REIPlugin
[13:28:49] [modloading-worker-0/INFO] [REI] Registered plugin provider DefaultPluginImpl [roughlyenoughitems] for REIServerPlugin
[13:28:49] [modloading-worker-0/INFO] [REI] Registered plugin provider DefaultPluginImpl [roughlyenoughitems] for REIPlugin
[13:28:49] [modloading-worker-0/INFO] [REI] Registered plugin provider DefaultRuntimePlugin [roughlyenoughitems] for REIServerPlugin
[13:28:49] [modloading-worker-0/INFO] [REI] Registered plugin provider DefaultRuntimePlugin [roughlyenoughitems] for REIPlugin
[13:28:49] [modloading-worker-0/INFO] [REI] Registered plugin provider REI Plugin Compatibilities Server Handler [rei_plugin_compatibilities, jei] for REIServerPlugin
[13:29:40] [Worker-Main-14/DEBUG] [REI] Processed 0 tags in 52.10 μs for minecraft:worldgen/configured_structure_feature
[13:29:40] [Worker-Main-20/DEBUG] [REI] Processed 0 tags in 50.70 μs for minecraft:worldgen/biome
[13:29:42] [Worker-Main-13/DEBUG] [REI] Processed 0 tags in 9.100 μs for minecraft:worldgen/structure_set
[13:29:43] [Worker-Main-16/DEBUG] [REI] Processed 2 tags in 1.017 ms for minecraft:game_event
[13:29:44] [Worker-Main-15/DEBUG] [REI] Processed 184 tags in 444.2 μs for minecraft:fluid
[13:29:44] [Worker-Main-17/DEBUG] [REI] Processed 58 tags in 396.6 μs for minecraft:entity_type
[13:29:45] [Worker-Main-21/DEBUG] [REI] Processed 1025 tags in 13.00 ms for minecraft:block
[13:29:45] [Worker-Main-23/DEBUG] [REI] Processed 1596 tags in 9.533 ms for minecraft:item
[13:29:46] [Worker-Main-13/DEBUG] [REI] Processed 7 tags in 179.1 μs for minecraft:block_entity_type
[13:30:04] [Worker-Main-18/DEBUG] [REI] Processed 8 tags in 20.10 μs for mekanism:infuse_type
[13:30:05] [Worker-Main-14/DEBUG] [REI] Processed 5 tags in 16.40 μs for mekanism:gas
[13:30:06] [Worker-Main-21/DEBUG] [REI] Processed 2 tags in 17.30 μs for mekanism:slurry
[13:30:41] [Worker-Main-19/TRACE] [REI] [START] Reloading Section: "pre-register/"
[13:30:41] [Worker-Main-19/TRACE] [REI] [START] Reloading Section: "pre-register/DefaultPluginImpl of DefaultPluginImpl [roughlyenoughitems]/"
[13:30:41] [Worker-Main-19/TRACE] [REI] [START] Reloading Section: "pre-register/DefaultPluginImpl of DefaultPluginImpl [roughlyenoughitems]/" done in 1.029 ms
[13:30:41] [Worker-Main-19/TRACE] [REI] [START] Reloading Section: "pre-register/DefaultRuntimePlugin of DefaultRuntimePlugin [roughlyenoughitems]/"
[13:30:41] [Worker-Main-19/TRACE] [REI] [START] Reloading Section: "pre-register/DefaultRuntimePlugin of DefaultRuntimePlugin [roughlyenoughitems]/" done in 10.70 μs
[13:30:41] [Worker-Main-19/TRACE] [REI] [START] Reloading Section: "pre-register/REI Plugin Compatibilities Server Handler of REI Plugin Compatibilities Server Handler [rei_plugin_compatibilities, jei]/"
[13:30:41] [Worker-Main-19/TRACE] [REI] [START] Reloading Section: "pre-register/REI Plugin Compatibilities Server Handler of REI Plugin Compatibilities Server Handler [rei_plugin_compatibilities, jei]/" done in 6.500 μs
[13:30:41] [Worker-Main-19/TRACE] [REI] [START] Reloading Section: "pre-register/" done in 12.56 ms
[13:30:41] [Worker-Main-19/TRACE] [REI] [START] Reloading Section: "pre-register/"
[13:30:41] [Worker-Main-19/TRACE] [REI] [START] Reloading Section: "pre-register/DefaultPluginImpl of DefaultPluginImpl [roughlyenoughitems]/"
[13:30:41] [Worker-Main-19/TRACE] [REI] [START] Reloading Section: "pre-register/DefaultPluginImpl of DefaultPluginImpl [roughlyenoughitems]/" done in 9.700 μs
[13:30:41] [Worker-Main-19/TRACE] [REI] [START] Reloading Section: "pre-register/REI Plugin Compatibilities Server Handler of REI Plugin Compatibilities Server Handler [rei_plugin_compatibilities, jei]/"
[13:30:41] [Worker-Main-19/TRACE] [REI] [START] Reloading Section: "pre-register/REI Plugin Compatibilities Server Handler of REI Plugin Compatibilities Server Handler [rei_plugin_compatibilities, jei]/" done in 16.60 μs
[13:30:41] [Worker-Main-19/TRACE] [REI] [START] Reloading Section: "pre-register/DefaultRuntimePlugin of DefaultRuntimePlugin [roughlyenoughitems]/"
[13:30:41] [Worker-Main-19/TRACE] [REI] [START] Reloading Section: "pre-register/DefaultRuntimePlugin of DefaultRuntimePlugin [roughlyenoughitems]/" done in 5.800 μs
[13:30:41] [Worker-Main-19/TRACE] [REI] [START] Reloading Section: "pre-register/" done in 572.6 μs
[13:30:41] [Worker-Main-19/TRACE] [REI] [START] Reloading Section: "start-reload/"
[13:30:41] [Worker-Main-19/TRACE] [REI] [START] Reloading Section: "start-reload/EntryTypeRegistryImpl/"
[13:30:41] [Worker-Main-19/TRACE] [REI] [START] Reloading Section: "start-reload/EntryTypeRegistryImpl/" done in 309.3 μs
[13:30:41] [Worker-Main-19/TRACE] [REI] [START] Reloading Section: "start-reload/EntrySettingsAdapterRegistryImpl/"
[13:30:41] [Worker-Main-19/TRACE] [REI] [START] Reloading Section: "start-reload/EntrySettingsAdapterRegistryImpl/" done in 9.200 μs
[13:30:41] [Worker-Main-19/TRACE] [REI] [START] Reloading Section: "start-reload/RecipeManagerContextImpl/"
[13:30:41] [Worker-Main-19/TRACE] [REI] [START] Reloading Section: "start-reload/RecipeManagerContextImpl/" done in 5.200 μs
[13:30:41] [Worker-Main-19/TRACE] [REI] [START] Reloading Section: "start-reload/ItemComparatorRegistryImpl/"
[13:30:41] [Worker-Main-19/TRACE] [REI] [START] Reloading Section: "start-reload/ItemComparatorRegistryImpl/" done in 34.60 μs
[13:30:41] [Worker-Main-19/TRACE] [REI] [START] Reloading Section: "start-reload/FluidComparatorRegistryImpl/"
[13:30:41] [Worker-Main-19/TRACE] [REI] [START] Reloading Section: "start-reload/FluidComparatorRegistryImpl/" done in 7.100 μs
[13:30:41] [Worker-Main-19/TRACE] [REI] [START] Reloading Section: "start-reload/DisplaySerializerRegistryImpl/"
[13:30:41] [Worker-Main-19/TRACE] [REI] [START] Reloading Section: "start-reload/DisplaySerializerRegistryImpl/" done in 4.800 μs
[13:30:41] [Worker-Main-19/TRACE] [REI] [START] Reloading Section: "start-reload/FluidSupportProviderImpl/"
[13:30:41] [Worker-Main-19/TRACE] [REI] [START] Reloading Section: "start-reload/FluidSupportProviderImpl/" done in 17.70 μs
[13:30:41] [Worker-Main-19/TRACE] [REI] [START] Reloading Section: "start-reload/" done in 1.461 ms
[13:30:41] [Worker-Main-19/INFO] [REI] Reloading Plugin Manager [REIPlugin] stage [START], registered 3 plugins: REI Plugin Compatibilities Server Handler of REI Plugin Compatibilities Server Handler [rei_plugin_compatibilities, jei], DefaultRuntimePlugin of DefaultRuntimePlugin [roughlyenoughitems], DefaultPluginImpl of DefaultPluginImpl [roughlyenoughitems]
[13:30:41] [Worker-Main-19/TRACE] [REI] [START] Reloading Section: "reloadable-plugin/EntryTypeRegistryImpl/"
[13:30:41] [Worker-Main-19/TRACE] [REI] [START] Reloading Section: "reloadable-plugin/EntryTypeRegistryImpl/DefaultPluginImpl of DefaultPluginImpl [roughlyenoughitems]/"
[13:30:41] [Worker-Main-19/TRACE] [REI] [START] Reloading Section: "reloadable-plugin/EntryTypeRegistryImpl/DefaultPluginImpl of DefaultPluginImpl [roughlyenoughitems]/" done in 328.2 μs
[13:30:41] [Worker-Main-19/TRACE] [REI] [START] Reloading Section: "reloadable-plugin/EntryTypeRegistryImpl/DefaultRuntimePlugin of DefaultRuntimePlugin [roughlyenoughitems]/"
[13:30:41] [Worker-Main-19/TRACE] [REI] [START] Reloading Section: "reloadable-plugin/EntryTypeRegistryImpl/DefaultRuntimePlugin of DefaultRuntimePlugin [roughlyenoughitems]/" done in 8.266 ms
[13:30:41] [Worker-Main-19/TRACE] [REI] [START] Reloading Section: "reloadable-plugin/EntryTypeRegistryImpl/REI Plugin Compatibilities Server Handler of REI Plugin Compatibilities Server Handler [rei_plugin_compatibilities, jei]/"
[13:30:41] [Worker-Main-19/TRACE] [REI] [START] Reloading Section: "reloadable-plugin/EntryTypeRegistryImpl/REI Plugin Compatibilities Server Handler of REI Plugin Compatibilities Server Handler [rei_plugin_compatibilities, jei]/" done in 17.50 μs
[13:30:41] [Worker-Main-19/TRACE] [REI] [START] Reloading Section: "reloadable-plugin/EntryTypeRegistryImpl/" done in 9.768 ms
[13:30:41] [Worker-Main-19/TRACE] [REI] [START] Reloading Section: "reloadable-plugin/EntrySettingsAdapterRegistryImpl/"
[13:30:41] [Worker-Main-19/TRACE] [REI] [START] Reloading Section: "reloadable-plugin/EntrySettingsAdapterRegistryImpl/DefaultPluginImpl of DefaultPluginImpl [roughlyenoughitems]/"
[13:30:41] [Worker-Main-19/TRACE] [REI] [START] Reloading Section: "reloadable-plugin/EntrySettingsAdapterRegistryImpl/DefaultPluginImpl of DefaultPluginImpl [roughlyenoughitems]/" done in 10.30 μs
[13:30:41] [Worker-Main-19/TRACE] [REI] [START] Reloading Section: "reloadable-plugin/EntrySettingsAdapterRegistryImpl/DefaultRuntimePlugin of DefaultRuntimePlugin [roughlyenoughitems]/"
[13:30:41] [Worker-Main-19/TRACE] [REI] [START] Reloading Section: "reloadable-plugin/EntrySettingsAdapterRegistryImpl/DefaultRuntimePlugin of DefaultRuntimePlugin [roughlyenoughitems]/" done in 10.40 μs
[13:30:41] [Worker-Main-19/TRACE] [REI] [START] Reloading Section: "reloadable-plugin/EntrySettingsAdapterRegistryImpl/REI Plugin Compatibilities Server Handler of REI Plugin Compatibilities Server Handler [rei_plugin_compatibilities, jei]/"
[13:30:41] [Worker-Main-19/TRACE] [REI] [START] Reloading Section: "reloadable-plugin/EntrySettingsAdapterRegistryImpl/REI Plugin Compatibilities Server Handler of REI Plugin Compatibilities Server Handler [rei_plugin_compatibilities, jei]/" done in 11.00 μs
[13:30:41] [Worker-Main-19/TRACE] [REI] [START] Reloading Section: "reloadable-plugin/EntrySettingsAdapterRegistryImpl/" done in 512.5 μs
[13:30:41] [Worker-Main-19/TRACE] [REI] [START] Reloading Section: "reloadable-plugin/RecipeManagerContextImpl/"
[13:30:41] [Worker-Main-19/TRACE] [REI] [START] Reloading Section: "reloadable-plugin/RecipeManagerContextImpl/DefaultPluginImpl of DefaultPluginImpl [roughlyenoughitems]/"
[13:30:41] [Worker-Main-19/TRACE] [REI] [START] Reloading Section: "reloadable-plugin/RecipeManagerContextImpl/DefaultPluginImpl of DefaultPluginImpl [roughlyenoughitems]/" done in 9.200 μs
[13:30:41] [Worker-Main-19/TRACE] [REI] [START] Reloading Section: "reloadable-plugin/RecipeManagerContextImpl/DefaultRuntimePlugin of DefaultRuntimePlugin [roughlyenoughitems]/"
[13:30:41] [Worker-Main-19/TRACE] [REI] [START] Reloading Section: "reloadable-plugin/RecipeManagerContextImpl/DefaultRuntimePlugin of DefaultRuntimePlugin [roughlyenoughitems]/" done in 8.500 μs
[13:30:41] [Worker-Main-19/TRACE] [REI] [START] Reloading Section: "reloadable-plugin/RecipeManagerContextImpl/REI Plugin Compatibilities Server Handler of REI Plugin Compatibilities Server Handler [rei_plugin_compatibilities, jei]/"
[13:30:41] [Worker-Main-19/TRACE] [REI] [START] Reloading Section: "reloadable-plugin/RecipeManagerContextImpl/REI Plugin Compatibilities Server Handler of REI Plugin Compatibilities Server Handler [rei_plugin_compatibilities, jei]/" done in 8.000 μs
[13:30:41] [Worker-Main-19/TRACE] [REI] [START] Reloading Section: "reloadable-plugin/RecipeManagerContextImpl/" done in 442.2 μs
[13:30:41] [Worker-Main-19/TRACE] [REI] [START] Reloading Section: "reloadable-plugin/ItemComparatorRegistryImpl/"
[13:30:41] [Worker-Main-19/TRACE] [REI] [START] Reloading Section: "reloadable-plugin/ItemComparatorRegistryImpl/DefaultPluginImpl of DefaultPluginImpl [roughlyenoughitems]/"
[13:30:41] [Worker-Main-19/TRACE] [REI] [START] Reloading Section: "reloadable-plugin/ItemComparatorRegistryImpl/DefaultPluginImpl of DefaultPluginImpl [roughlyenoughitems]/" done in 1.122 ms
[13:30:41] [Worker-Main-19/TRACE] [REI] [START] Reloading Section: "reloadable-plugin/ItemComparatorRegistryImpl/DefaultRuntimePlugin of DefaultRuntimePlugin [roughlyenoughitems]/"
[13:30:41] [Worker-Main-19/TRACE] [REI] [START] Reloading Section: "reloadable-plugin/ItemComparatorRegistryImpl/DefaultRuntimePlugin of DefaultRuntimePlugin [roughlyenoughitems]/" done in 15.40 μs
[13:30:41] [Worker-Main-19/TRACE] [REI] [START] Reloading Section: "reloadable-plugin/ItemComparatorRegistryImpl/REI Plugin Compatibilities Server Handler of REI Plugin Compatibilities Server Handler [rei_plugin_compatibilities, jei]/"
[13:30:41] [Worker-Main-19/TRACE] [REI] [START] Reloading Section: "reloadable-plugin/ItemComparatorRegistryImpl/REI Plugin Compatibilities Server Handler of REI Plugin Compatibilities Server Handler [rei_plugin_compatibilities, jei]/" done in 9.000 μs
[13:30:41] [Worker-Main-19/TRACE] [REI] [START] Reloading Section: "reloadable-plugin/ItemComparatorRegistryImpl/" done in 1.635 ms
[13:30:41] [Worker-Main-19/TRACE] [REI] [START] Reloading Section: "reloadable-plugin/FluidComparatorRegistryImpl/"
[13:30:41] [Worker-Main-19/TRACE] [REI] [START] Reloading Section: "reloadable-plugin/FluidComparatorRegistryImpl/DefaultPluginImpl of DefaultPluginImpl [roughlyenoughitems]/"
[13:30:41] [Worker-Main-19/TRACE] [REI] [START] Reloading Section: "reloadable-plugin/FluidComparatorRegistryImpl/DefaultPluginImpl of DefaultPluginImpl [roughlyenoughitems]/" done in 15.70 μs
[13:30:41] [Worker-Main-19/TRACE] [REI] [START] Reloading Section: "reloadable-plugin/FluidComparatorRegistryImpl/DefaultRuntimePlugin of DefaultRuntimePlugin [roughlyenoughitems]/"
[13:30:41] [Worker-Main-19/TRACE] [REI] [START] Reloading Section: "reloadable-plugin/FluidComparatorRegistryImpl/DefaultRuntimePlugin of DefaultRuntimePlugin [roughlyenoughitems]/" done in 8.700 μs
[13:30:41] [Worker-Main-19/TRACE] [REI] [START] Reloading Section: "reloadable-plugin/FluidComparatorRegistryImpl/REI Plugin Compatibilities Server Handler of REI Plugin Compatibilities Server Handler [rei_plugin_compatibilities, jei]/"
[13:30:41] [Worker-Main-19/TRACE] [REI] [START] Reloading Section: "reloadable-plugin/FluidComparatorRegistryImpl/REI Plugin Compatibilities Server Handler of REI Plugin Compatibilities Server Handler [rei_plugin_compatibilities, jei]/" done in 8.700 μs
[13:30:41] [Worker-Main-19/TRACE] [REI] [START] Reloading Section: "reloadable-plugin/FluidComparatorRegistryImpl/" done in 354.5 μs
[13:30:41] [Worker-Main-19/TRACE] [REI] [START] Reloading Section: "reloadable-plugin/DisplaySerializerRegistryImpl/"
[13:30:41] [Worker-Main-19/TRACE] [REI] [START] Reloading Section: "reloadable-plugin/DisplaySerializerRegistryImpl/DefaultPluginImpl of DefaultPluginImpl [roughlyenoughitems]/"
[13:30:41] [Worker-Main-19/TRACE] [REI] [START] Reloading Section: "reloadable-plugin/DisplaySerializerRegistryImpl/DefaultPluginImpl of DefaultPluginImpl [roughlyenoughitems]/" done in 7.600 μs
[13:30:41] [Worker-Main-19/TRACE] [REI] [START] Reloading Section: "reloadable-plugin/DisplaySerializerRegistryImpl/DefaultRuntimePlugin of DefaultRuntimePlugin [roughlyenoughitems]/"
[13:30:41] [Worker-Main-19/TRACE] [REI] [START] Reloading Section: "reloadable-plugin/DisplaySerializerRegistryImpl/DefaultRuntimePlugin of DefaultRuntimePlugin [roughlyenoughitems]/" done in 8.100 μs
[13:30:41] [Worker-Main-19/TRACE] [REI] [START] Reloading Section: "reloadable-plugin/DisplaySerializerRegistryImpl/REI Plugin Compatibilities Server Handler of REI Plugin Compatibilities Server Handler [rei_plugin_compatibilities, jei]/"
[13:30:41] [Worker-Main-19/TRACE] [REI] [START] Reloading Section: "reloadable-plugin/DisplaySerializerRegistryImpl/REI Plugin Compatibilities Server Handler of REI Plugin Compatibilities Server Handler [rei_plugin_compatibilities, jei]/" done in 10.70 μs
[13:30:41] [Worker-Main-19/TRACE] [REI] [START] Reloading Section: "reloadable-plugin/DisplaySerializerRegistryImpl/" done in 374.4 μs
[13:30:41] [Worker-Main-19/TRACE] [REI] [START] Reloading Section: "reloadable-plugin/FluidSupportProviderImpl/"
[13:30:41] [Worker-Main-19/TRACE] [REI] [START] Reloading Section: "reloadable-plugin/FluidSupportProviderImpl/DefaultPluginImpl of DefaultPluginImpl [roughlyenoughitems]/"
[13:30:41] [Worker-Main-19/TRACE] [REI] [START] Reloading Section: "reloadable-plugin/FluidSupportProviderImpl/DefaultPluginImpl of DefaultPluginImpl [roughlyenoughitems]/" done in 1.336 ms
[13:30:41] [Worker-Main-19/TRACE] [REI] [START] Reloading Section: "reloadable-plugin/FluidSupportProviderImpl/DefaultRuntimePlugin of DefaultRuntimePlugin [roughlyenoughitems]/"
[13:30:41] [Worker-Main-19/TRACE] [REI] [START] Reloading Section: "reloadable-plugin/FluidSupportProviderImpl/DefaultRuntimePlugin of DefaultRuntimePlugin [roughlyenoughitems]/" done in 15.40 μs
[13:30:41] [Worker-Main-19/TRACE] [REI] [START] Reloading Section: "reloadable-plugin/FluidSupportProviderImpl/REI Plugin Compatibilities Server Handler of REI Plugin Compatibilities Server Handler [rei_plugin_compatibilities, jei]/"
[13:30:41] [Worker-Main-19/TRACE] [REI] [START] Reloading Section: "reloadable-plugin/FluidSupportProviderImpl/REI Plugin Compatibilities Server Handler of REI Plugin Compatibilities Server Handler [rei_plugin_compatibilities, jei]/" done in 8.600 μs
[13:30:41] [Worker-Main-19/TRACE] [REI] [START] Reloading Section: "reloadable-plugin/FluidSupportProviderImpl/" done in 1.796 ms
[13:30:41] [Worker-Main-19/TRACE] [REI] [START] Reloading Section: "end-reload/"
[13:30:41] [Worker-Main-19/TRACE] [REI] [START] Reloading Section: "end-reload/EntryTypeRegistryImpl/"
[13:30:41] [Worker-Main-19/TRACE] [REI] [START] Reloading Section: "end-reload/EntryTypeRegistryImpl/" done in 11.00 μs
[13:30:41] [Worker-Main-19/TRACE] [REI] [START] Reloading Section: "end-reload/EntrySettingsAdapterRegistryImpl/"
[13:30:41] [Worker-Main-19/TRACE] [REI] [START] Reloading Section: "end-reload/EntrySettingsAdapterRegistryImpl/" done in 4.800 μs
[13:30:41] [Worker-Main-19/TRACE] [REI] [START] Reloading Section: "end-reload/RecipeManagerContextImpl/"
[13:30:41] [Worker-Main-19/TRACE] [REI] [START] Reloading Section: "end-reload/RecipeManagerContextImpl/" done in 5.000 μs
[13:30:41] [Worker-Main-19/TRACE] [REI] [START] Reloading Section: "end-reload/ItemComparatorRegistryImpl/"
[13:30:41] [Worker-Main-19/TRACE] [REI] [START] Reloading Section: "end-reload/ItemComparatorRegistryImpl/" done in 5.100 μs
[13:30:41] [Worker-Main-19/TRACE] [REI] [START] Reloading Section: "end-reload/FluidComparatorRegistryImpl/"
[13:30:41] [Worker-Main-19/TRACE] [REI] [START] Reloading Section: "end-reload/FluidComparatorRegistryImpl/" done in 4.600 μs
[13:30:41] [Worker-Main-19/TRACE] [REI] [START] Reloading Section: "end-reload/DisplaySerializerRegistryImpl/"
[13:30:41] [Worker-Main-19/TRACE] [REI] [START] Reloading Section: "end-reload/DisplaySerializerRegistryImpl/" done in 5.800 μs
[13:30:41] [Worker-Main-19/TRACE] [REI] [START] Reloading Section: "end-reload/FluidSupportProviderImpl/"
[13:30:41] [Worker-Main-19/TRACE] [REI] [START] Reloading Section: "end-reload/FluidSupportProviderImpl/" done in 5.000 μs
[13:30:41] [Worker-Main-19/TRACE] [REI] [START] Reloading Section: "end-reload/" done in 770.9 μs
[13:30:41] [Worker-Main-19/TRACE] [REI] [START] Reloading Section: "start-reload/"
[13:30:41] [Worker-Main-19/TRACE] [REI] [START] Reloading Section: "start-reload/MenuInfoRegistryImpl/"
[13:30:41] [Worker-Main-19/TRACE] [REI] [START] Reloading Section: "start-reload/MenuInfoRegistryImpl/" done in 5.600 μs
[13:30:41] [Worker-Main-19/TRACE] [REI] [START] Reloading Section: "start-reload/" done in 128.2 μs
[13:30:41] [Worker-Main-19/INFO] [REI] Reloading Plugin Manager [REIServerPlugin] stage [START], registered 3 plugins: DefaultRuntimePlugin of DefaultRuntimePlugin [roughlyenoughitems], REI Plugin Compatibilities Server Handler of REI Plugin Compatibilities Server Handler [rei_plugin_compatibilities, jei], DefaultPluginImpl of DefaultPluginImpl [roughlyenoughitems]
[13:30:41] [Worker-Main-19/TRACE] [REI] [START] Reloading Section: "reloadable-plugin/MenuInfoRegistryImpl/"
[13:30:41] [Worker-Main-19/TRACE] [REI] [START] Reloading Section: "reloadable-plugin/MenuInfoRegistryImpl/DefaultPluginImpl of DefaultPluginImpl [roughlyenoughitems]/"
[13:30:41] [Worker-Main-19/TRACE] [REI] [START] Reloading Section: "reloadable-plugin/MenuInfoRegistryImpl/DefaultPluginImpl of DefaultPluginImpl [roughlyenoughitems]/" done in 15.60 μs
[13:30:41] [Worker-Main-19/TRACE] [REI] [START] Reloading Section: "reloadable-plugin/MenuInfoRegistryImpl/REI Plugin Compatibilities Server Handler of REI Plugin Compatibilities Server Handler [rei_plugin_compatibilities, jei]/"
[13:30:41] [Worker-Main-19/TRACE] [REI] [START] Reloading Section: "reloadable-plugin/MenuInfoRegistryImpl/REI Plugin Compatibilities Server Handler of REI Plugin Compatibilities Server Handler [rei_plugin_compatibilities, jei]/" done in 10.70 μs
[13:30:41] [Worker-Main-19/TRACE] [REI] [START] Reloading Section: "reloadable-plugin/MenuInfoRegistryImpl/DefaultRuntimePlugin of DefaultRuntimePlugin [roughlyenoughitems]/"
[13:30:41] [Worker-Main-19/TRACE] [REI] [START] Reloading Section: "reloadable-plugin/MenuInfoRegistryImpl/DefaultRuntimePlugin of DefaultRuntimePlugin [roughlyenoughitems]/" done in 9.700 μs
[13:30:41] [Worker-Main-19/TRACE] [REI] [START] Reloading Section: "reloadable-plugin/MenuInfoRegistryImpl/" done in 540.3 μs
[13:30:41] [Worker-Main-19/TRACE] [REI] [START] Reloading Section: "end-reload/"
[13:30:41] [Worker-Main-19/TRACE] [REI] [START] Reloading Section: "end-reload/MenuInfoRegistryImpl/"
[13:30:41] [Worker-Main-19/TRACE] [REI] [START] Reloading Section: "end-reload/MenuInfoRegistryImpl/" done in 8.000 μs
[13:30:41] [Worker-Main-19/TRACE] [REI] [START] Reloading Section: "end-reload/" done in 127.1 μs
[13:30:41] [Worker-Main-19/TRACE] [REI] [START] Reloading Section: "post-register/"
[13:30:41] [Worker-Main-19/TRACE] [REI] [START] Reloading Section: "post-register/DefaultPluginImpl of DefaultPluginImpl [roughlyenoughitems]/"
[13:30:41] [Worker-Main-19/TRACE] [REI] [START] Reloading Section: "post-register/DefaultPluginImpl of DefaultPluginImpl [roughlyenoughitems]/" done in 153.6 μs
[13:30:41] [Worker-Main-19/TRACE] [REI] [START] Reloading Section: "post-register/DefaultRuntimePlugin of DefaultRuntimePlugin [roughlyenoughitems]/"
[13:30:41] [Worker-Main-19/TRACE] [REI] [START] Reloading Section: "post-register/DefaultRuntimePlugin of DefaultRuntimePlugin [roughlyenoughitems]/" done in 6.900 μs
[13:30:41] [Worker-Main-19/TRACE] [REI] [START] Reloading Section: "post-register/REI Plugin Compatibilities Server Handler of REI Plugin Compatibilities Server Handler [rei_plugin_compatibilities, jei]/"
[13:30:41] [Worker-Main-19/TRACE] [REI] [START] Reloading Section: "post-register/REI Plugin Compatibilities Server Handler of REI Plugin Compatibilities Server Handler [rei_plugin_compatibilities, jei]/" done in 5.900 μs
[13:30:41] [Worker-Main-19/TRACE] [REI] [START] Reloading Section: "post-register/" done in 714.3 μs
[13:30:41] [Worker-Main-19/INFO] [REI] Reloaded Plugin Manager [REIPlugin] with 3 plugins in 39.59 ms.
[13:30:41] [Worker-Main-19/TRACE] [REI] [START] Reloading Section: "post-register/"
[13:30:41] [Worker-Main-19/TRACE] [REI] [START] Reloading Section: "post-register/DefaultPluginImpl of DefaultPluginImpl [roughlyenoughitems]/"
[13:30:41] [Worker-Main-19/TRACE] [REI] [START] Reloading Section: "post-register/DefaultPluginImpl of DefaultPluginImpl [roughlyenoughitems]/" done in 16.30 μs
[13:30:41] [Worker-Main-19/TRACE] [REI] [START] Reloading Section: "post-register/REI Plugin Compatibilities Server Handler of REI Plugin Compatibilities Server Handler [rei_plugin_compatibilities, jei]/"
[13:30:41] [Worker-Main-19/TRACE] [REI] [START] Reloading Section: "post-register/REI Plugin Compatibilities Server Handler of REI Plugin Compatibilities Server Handler [rei_plugin_compatibilities, jei]/" done in 9.700 μs
[13:30:41] [Worker-Main-19/TRACE] [REI] [START] Reloading Section: "post-register/DefaultRuntimePlugin of DefaultRuntimePlugin [roughlyenoughitems]/"
[13:30:41] [Worker-Main-19/TRACE] [REI] [START] Reloading Section: "post-register/DefaultRuntimePlugin of DefaultRuntimePlugin [roughlyenoughitems]/" done in 6.100 μs
[13:30:41] [Worker-Main-19/TRACE] [REI] [START] Reloading Section: "post-register/" done in 453.4 μs
[13:30:41] [Worker-Main-19/INFO] [REI] Reloaded Plugin Manager [REIServerPlugin] with 3 plugins in 2.977 ms.
[13:30:41] [Worker-Main-19/TRACE] [REI] [END] Reloading Section: "pre-register/"
[13:30:41] [Worker-Main-19/TRACE] [REI] [END] Reloading Section: "pre-register/DefaultPluginImpl of DefaultPluginImpl [roughlyenoughitems]/"
[13:30:41] [Worker-Main-19/TRACE] [REI] [END] Reloading Section: "pre-register/DefaultPluginImpl of DefaultPluginImpl [roughlyenoughitems]/" done in 39.50 μs
[13:30:41] [Worker-Main-19/TRACE] [REI] [END] Reloading Section: "pre-register/DefaultRuntimePlugin of DefaultRuntimePlugin [roughlyenoughitems]/"
[13:30:41] [Worker-Main-19/TRACE] [REI] [END] Reloading Section: "pre-register/DefaultRuntimePlugin of DefaultRuntimePlugin [roughlyenoughitems]/" done in 6.500 μs
[13:30:41] [Worker-Main-19/TRACE] [REI] [END] Reloading Section: "pre-register/REI Plugin Compatibilities Server Handler of REI Plugin Compatibilities Server Handler [rei_plugin_compatibilities, jei]/"
[13:30:41] [Worker-Main-19/TRACE] [REI] [END] Reloading Section: "pre-register/REI Plugin Compatibilities Server Handler of REI Plugin Compatibilities Server Handler [rei_plugin_compatibilities, jei]/" done in 5.700 μs
[13:30:41] [Worker-Main-19/TRACE] [REI] [END] Reloading Section: "pre-register/" done in 325.5 μs
[13:30:41] [Worker-Main-19/TRACE] [REI] [END] Reloading Section: "pre-register/"
[13:30:41] [Worker-Main-19/TRACE] [REI] [END] Reloading Section: "pre-register/DefaultPluginImpl of DefaultPluginImpl [roughlyenoughitems]/"
[13:30:41] [Worker-Main-19/TRACE] [REI] [END] Reloading Section: "pre-register/DefaultPluginImpl of DefaultPluginImpl [roughlyenoughitems]/" done in 10.40 μs
[13:30:41] [Worker-Main-19/TRACE] [REI] [END] Reloading Section: "pre-register/REI Plugin Compatibilities Server Handler of REI Plugin Compatibilities Server Handler [rei_plugin_compatibilities, jei]/"
[13:30:41] [Worker-Main-19/TRACE] [REI] [END] Reloading Section: "pre-register/REI Plugin Compatibilities Server Handler of REI Plugin Compatibilities Server Handler [rei_plugin_compatibilities, jei]/" done in 6.700 μs
[13:30:41] [Worker-Main-19/TRACE] [REI] [END] Reloading Section: "pre-register/DefaultRuntimePlugin of DefaultRuntimePlugin [roughlyenoughitems]/"
[13:30:41] [Worker-Main-19/TRACE] [REI] [END] Reloading Section: "pre-register/DefaultRuntimePlugin of DefaultRuntimePlugin [roughlyenoughitems]/" done in 5.300 μs
[13:30:41] [Worker-Main-19/TRACE] [REI] [END] Reloading Section: "pre-register/" done in 295.4 μs
[13:30:41] [Worker-Main-19/TRACE] [REI] [END] Reloading Section: "start-reload/"
[13:30:41] [Worker-Main-19/TRACE] [REI] [END] Reloading Section: "start-reload/EntryTypeRegistryImpl/"
[13:30:41] [Worker-Main-19/TRACE] [REI] [END] Reloading Section: "start-reload/EntryTypeRegistryImpl/" done in 5.800 μs
[13:30:41] [Worker-Main-19/TRACE] [REI] [END] Reloading Section: "start-reload/EntrySettingsAdapterRegistryImpl/"
[13:30:41] [Worker-Main-19/TRACE] [REI] [END] Reloading Section: "start-reload/EntrySettingsAdapterRegistryImpl/" done in 22.80 μs
[13:30:41] [Worker-Main-19/TRACE] [REI] [END] Reloading Section: "start-reload/RecipeManagerContextImpl/"
[13:30:41] [Worker-Main-19/TRACE] [REI] [END] Reloading Section: "start-reload/RecipeManagerContextImpl/" done in 6.100 μs
[13:30:41] [Worker-Main-19/TRACE] [REI] [END] Reloading Section: "start-reload/ItemComparatorRegistryImpl/"
[13:30:41] [Worker-Main-19/TRACE] [REI] [END] Reloading Section: "start-reload/ItemComparatorRegistryImpl/" done in 4.700 μs
[13:30:41] [Worker-Main-19/TRACE] [REI] [END] Reloading Section: "start-reload/FluidComparatorRegistryImpl/"
[13:30:41] [Worker-Main-19/TRACE] [REI] [END] Reloading Section: "start-reload/FluidComparatorRegistryImpl/" done in 5.400 μs
[13:30:41] [Worker-Main-19/TRACE] [REI] [END] Reloading Section: "start-reload/DisplaySerializerRegistryImpl/"
[13:30:41] [Worker-Main-19/TRACE] [REI] [END] Reloading Section: "start-reload/DisplaySerializerRegistryImpl/" done in 11.70 μs
[13:30:41] [Worker-Main-19/TRACE] [REI] [END] Reloading Section: "start-reload/FluidSupportProviderImpl/"
[13:30:41] [Worker-Main-19/TRACE] [REI] [END] Reloading Section: "start-reload/FluidSupportProviderImpl/" done in 5.000 μs
[13:30:41] [Worker-Main-19/TRACE] [REI] [END] Reloading Section: "start-reload/" done in 592.4 μs
[13:30:41] [Worker-Main-19/INFO] [REI] Reloading Plugin Manager [REIPlugin] stage [END], registered 3 plugins: REI Plugin Compatibilities Server Handler of REI Plugin Compatibilities Server Handler [rei_plugin_compatibilities, jei], DefaultRuntimePlugin of DefaultRuntimePlugin [roughlyenoughitems], DefaultPluginImpl of DefaultPluginImpl [roughlyenoughitems]
[13:30:41] [Worker-Main-19/TRACE] [REI] [END] Reloading Section: "reloadable-plugin/EntryTypeRegistryImpl/"
[13:30:41] [Worker-Main-19/TRACE] [REI] [END] Reloading Section: "reloadable-plugin/EntryTypeRegistryImpl/DefaultPluginImpl of DefaultPluginImpl [roughlyenoughitems]/"
[13:30:41] [Worker-Main-19/TRACE] [REI] [END] Reloading Section: "reloadable-plugin/EntryTypeRegistryImpl/DefaultPluginImpl of DefaultPluginImpl [roughlyenoughitems]/" done in 13.20 μs
[13:30:41] [Worker-Main-19/TRACE] [REI] [END] Reloading Section: "reloadable-plugin/EntryTypeRegistryImpl/DefaultRuntimePlugin of DefaultRuntimePlugin [roughlyenoughitems]/"
[13:30:41] [Worker-Main-19/TRACE] [REI] [END] Reloading Section: "reloadable-plugin/EntryTypeRegistryImpl/DefaultRuntimePlugin of DefaultRuntimePlugin [roughlyenoughitems]/" done in 8.300 μs
[13:30:41] [Worker-Main-19/TRACE] [REI] [END] Reloading Section: "reloadable-plugin/EntryTypeRegistryImpl/REI Plugin Compatibilities Server Handler of REI Plugin Compatibilities Server Handler [rei_plugin_compatibilities, jei]/"
[13:30:41] [Worker-Main-19/TRACE] [REI] [END] Reloading Section: "reloadable-plugin/EntryTypeRegistryImpl/REI Plugin Compatibilities Server Handler of REI Plugin Compatibilities Server Handler [rei_plugin_compatibilities, jei]/" done in 8.200 μs
[13:30:41] [Worker-Main-19/TRACE] [REI] [END] Reloading Section: "reloadable-plugin/EntryTypeRegistryImpl/" done in 365.0 μs
[13:30:41] [Worker-Main-19/TRACE] [REI] [END] Reloading Section: "reloadable-plugin/EntrySettingsAdapterRegistryImpl/"
[13:30:41] [Worker-Main-19/TRACE] [REI] [END] Reloading Section: "reloadable-plugin/EntrySettingsAdapterRegistryImpl/DefaultPluginImpl of DefaultPluginImpl [roughlyenoughitems]/"
[13:30:41] [Worker-Main-19/TRACE] [REI] [END] Reloading Section: "reloadable-plugin/EntrySettingsAdapterRegistryImpl/DefaultPluginImpl of DefaultPluginImpl [roughlyenoughitems]/" done in 22.20 μs
[13:30:41] [Worker-Main-19/TRACE] [REI] [END] Reloading Section: "reloadable-plugin/EntrySettingsAdapterRegistryImpl/DefaultRuntimePlugin of DefaultRuntimePlugin [roughlyenoughitems]/"
[13:30:41] [Worker-Main-19/TRACE] [REI] [END] Reloading Section: "reloadable-plugin/EntrySettingsAdapterRegistryImpl/DefaultRuntimePlugin of DefaultRuntimePlugin [roughlyenoughitems]/" done in 8.200 μs
[13:30:41] [Worker-Main-19/TRACE] [REI] [END] Reloading Section: "reloadable-plugin/EntrySettingsAdapterRegistryImpl/REI Plugin Compatibilities Server Handler of REI Plugin Compatibilities Server Handler [rei_plugin_compatibilities, jei]/"
[13:30:41] [Worker-Main-19/TRACE] [REI] [END] Reloading Section: "reloadable-plugin/EntrySettingsAdapterRegistryImpl/REI Plugin Compatibilities Server Handler of REI Plugin Compatibilities Server Handler [rei_plugin_compatibilities, jei]/" done in 8.000 μs
[13:30:41] [Worker-Main-19/TRACE] [REI] [END] Reloading Section: "reloadable-plugin/EntrySettingsAdapterRegistryImpl/" done in 289.8 μs
[13:30:41] [Worker-Main-19/TRACE] [REI] [END] Reloading Section: "reloadable-plugin/RecipeManagerContextImpl/"
[13:30:41] [Worker-Main-19/TRACE] [REI] [END] Reloading Section: "reloadable-plugin/RecipeManagerContextImpl/DefaultPluginImpl of DefaultPluginImpl [roughlyenoughitems]/"
[13:30:41] [Worker-Main-19/TRACE] [REI] [END] Reloading Section: "reloadable-plugin/RecipeManagerContextImpl/DefaultPluginImpl of DefaultPluginImpl [roughlyenoughitems]/" done in 8.200 μs
[13:30:41] [Worker-Main-19/TRACE] [REI] [END] Reloading Section: "reloadable-plugin/RecipeManagerContextImpl/DefaultRuntimePlugin of DefaultRuntimePlugin [roughlyenoughitems]/"
[13:30:41] [Worker-Main-19/TRACE] [REI] [END] Reloading Section: "reloadable-plugin/RecipeManagerContextImpl/DefaultRuntimePlugin of DefaultRuntimePlugin [roughlyenoughitems]/" done in 7.900 μs
[13:30:41] [Worker-Main-19/TRACE] [REI] [END] Reloading Section: "reloadable-plugin/RecipeManagerContextImpl/REI Plugin Compatibilities Server Handler of REI Plugin Compatibilities Server Handler [rei_plugin_compatibilities, jei]/"
[13:30:41] [Worker-Main-19/TRACE] [REI] [END] Reloading Section: "reloadable-plugin/RecipeManagerContextImpl/REI Plugin Compatibilities Server Handler of REI Plugin Compatibilities Server Handler [rei_plugin_compatibilities, jei]/" done in 7.900 μs
[13:30:41] [Worker-Main-19/TRACE] [REI] [END] Reloading Section: "reloadable-plugin/RecipeManagerContextImpl/" done in 259.2 μs
[13:30:41] [Worker-Main-19/TRACE] [REI] [END] Reloading Section: "reloadable-plugin/ItemComparatorRegistryImpl/"
[13:30:41] [Worker-Main-19/TRACE] [REI] [END] Reloading Section: "reloadable-plugin/ItemComparatorRegistryImpl/DefaultPluginImpl of DefaultPluginImpl [roughlyenoughitems]/"
[13:30:41] [Worker-Main-19/TRACE] [REI] [END] Reloading Section: "reloadable-plugin/ItemComparatorRegistryImpl/DefaultPluginImpl of DefaultPluginImpl [roughlyenoughitems]/" done in 8.000 μs
[13:30:41] [Worker-Main-19/TRACE] [REI] [END] Reloading Section: "reloadable-plugin/ItemComparatorRegistryImpl/DefaultRuntimePlugin of DefaultRuntimePlugin [roughlyenoughitems]/"
[13:30:41] [Worker-Main-19/TRACE] [REI] [END] Reloading Section: "reloadable-plugin/ItemComparatorRegistryImpl/DefaultRuntimePlugin of DefaultRuntimePlugin [roughlyenoughitems]/" done in 16.50 μs
[13:30:41] [Worker-Main-19/TRACE] [REI] [END] Reloading Section: "reloadable-plugin/ItemComparatorRegistryImpl/REI Plugin Compatibilities Server Handler of REI Plugin Compatibilities Server Handler [rei_plugin_compatibilities, jei]/"
[13:30:41] [Worker-Main-19/TRACE] [REI] [END] Reloading Section: "reloadable-plugin/ItemComparatorRegistryImpl/REI Plugin Compatibilities Server Handler of REI Plugin Compatibilities Server Handler [rei_plugin_compatibilities, jei]/" done in 7.500 μs
[13:30:41] [Worker-Main-19/TRACE] [REI] [END] Reloading Section: "reloadable-plugin/ItemComparatorRegistryImpl/" done in 272.2 μs
[13:30:41] [Worker-Main-19/TRACE] [REI] [END] Reloading Section: "reloadable-plugin/FluidComparatorRegistryImpl/"
[13:30:41] [Worker-Main-19/TRACE] [REI] [END] Reloading Section: "reloadable-plugin/FluidComparatorRegistryImpl/DefaultPluginImpl of DefaultPluginImpl [roughlyenoughitems]/"
[13:30:41] [Worker-Main-19/TRACE] [REI] [END] Reloading Section: "reloadable-plugin/FluidComparatorRegistryImpl/DefaultPluginImpl of DefaultPluginImpl [roughlyenoughitems]/" done in 6.800 μs
[13:30:41] [Worker-Main-19/TRACE] [REI] [END] Reloading Section: "reloadable-plugin/FluidComparatorRegistryImpl/DefaultRuntimePlugin of DefaultRuntimePlugin [roughlyenoughitems]/"
[13:30:41] [Worker-Main-19/TRACE] [REI] [END] Reloading Section: "reloadable-plugin/FluidComparatorRegistryImpl/DefaultRuntimePlugin of DefaultRuntimePlugin [roughlyenoughitems]/" done in 10.30 μs
[13:30:41] [Worker-Main-19/TRACE] [REI] [END] Reloading Section: "reloadable-plugin/FluidComparatorRegistryImpl/REI Plugin Compatibilities Server Handler of REI Plugin Compatibilities Server Handler [rei_plugin_compatibilities, jei]/"
[13:30:41] [Worker-Main-19/TRACE] [REI] [END] Reloading Section: "reloadable-plugin/FluidComparatorRegistryImpl/REI Plugin Compatibilities Server Handler of REI Plugin Compatibilities Server Handler [rei_plugin_compatibilities, jei]/" done in 11.60 μs
[13:30:41] [Worker-Main-19/TRACE] [REI] [END] Reloading Section: "reloadable-plugin/FluidComparatorRegistryImpl/" done in 348.4 μs
[13:30:41] [Worker-Main-19/TRACE] [REI] [END] Reloading Section: "reloadable-plugin/DisplaySerializerRegistryImpl/"
[13:30:41] [Worker-Main-19/TRACE] [REI] [END] Reloading Section: "reloadable-plugin/DisplaySerializerRegistryImpl/DefaultPluginImpl of DefaultPluginImpl [roughlyenoughitems]/"
[13:30:41] [Worker-Main-19/TRACE] [REI] [END] Reloading Section: "reloadable-plugin/DisplaySerializerRegistryImpl/DefaultPluginImpl of DefaultPluginImpl [roughlyenoughitems]/" done in 25.85 ms
[13:30:41] [Worker-Main-19/TRACE] [REI] [END] Reloading Section: "reloadable-plugin/DisplaySerializerRegistryImpl/DefaultRuntimePlugin of DefaultRuntimePlugin [roughlyenoughitems]/"
[13:30:41] [Worker-Main-19/TRACE] [REI] [END] Reloading Section: "reloadable-plugin/DisplaySerializerRegistryImpl/DefaultRuntimePlugin of DefaultRuntimePlugin [roughlyenoughitems]/" done in 17.80 μs
[13:30:41] [Worker-Main-19/TRACE] [REI] [END] Reloading Section: "reloadable-plugin/DisplaySerializerRegistryImpl/REI Plugin Compatibilities Server Handler of REI Plugin Compatibilities Server Handler [rei_plugin_compatibilities, jei]/"
[13:30:41] [Worker-Main-19/TRACE] [REI] [END] Reloading Section: "reloadable-plugin/DisplaySerializerRegistryImpl/REI Plugin Compatibilities Server Handler of REI Plugin Compatibilities Server Handler [rei_plugin_compatibilities, jei]/" done in 9.400 μs
[13:30:41] [Worker-Main-19/TRACE] [REI] [END] Reloading Section: "reloadable-plugin/DisplaySerializerRegistryImpl/" done in 26.38 ms
[13:30:41] [Worker-Main-19/TRACE] [REI] [END] Reloading Section: "reloadable-plugin/FluidSupportProviderImpl/"
[13:30:41] [Worker-Main-19/TRACE] [REI] [END] Reloading Section: "reloadable-plugin/FluidSupportProviderImpl/DefaultPluginImpl of DefaultPluginImpl [roughlyenoughitems]/"
[13:30:41] [Worker-Main-19/TRACE] [REI] [END] Reloading Section: "reloadable-plugin/FluidSupportProviderImpl/DefaultPluginImpl of DefaultPluginImpl [roughlyenoughitems]/" done in 10.50 μs
[13:30:41] [Worker-Main-19/TRACE] [REI] [END] Reloading Section: "reloadable-plugin/FluidSupportProviderImpl/DefaultRuntimePlugin of DefaultRuntimePlugin [roughlyenoughitems]/"
[13:30:41] [Worker-Main-19/TRACE] [REI] [END] Reloading Section: "reloadable-plugin/FluidSupportProviderImpl/DefaultRuntimePlugin of DefaultRuntimePlugin [roughlyenoughitems]/" done in 8.100 μs
[13:30:41] [Worker-Main-19/TRACE] [REI] [END] Reloading Section: "reloadable-plugin/FluidSupportProviderImpl/REI Plugin Compatibilities Server Handler of REI Plugin Compatibilities Server Handler [rei_plugin_compatibilities, jei]/"
[13:30:41] [Worker-Main-19/TRACE] [REI] [END] Reloading Section: "reloadable-plugin/FluidSupportProviderImpl/REI Plugin Compatibilities Server Handler of REI Plugin Compatibilities Server Handler [rei_plugin_compatibilities, jei]/" done in 12.90 μs
[13:30:41] [Worker-Main-19/TRACE] [REI] [END] Reloading Section: "reloadable-plugin/FluidSupportProviderImpl/" done in 326.2 μs
[13:30:41] [Worker-Main-19/TRACE] [REI] [END] Reloading Section: "end-reload/"
[13:30:41] [Worker-Main-19/TRACE] [REI] [END] Reloading Section: "end-reload/EntryTypeRegistryImpl/"
[13:30:41] [Worker-Main-19/TRACE] [REI] [END] Reloading Section: "end-reload/EntryTypeRegistryImpl/" done in 6.000 μs
[13:30:41] [Worker-Main-19/TRACE] [REI] [END] Reloading Section: "end-reload/EntrySettingsAdapterRegistryImpl/"
[13:30:41] [Worker-Main-19/TRACE] [REI] [END] Reloading Section: "end-reload/EntrySettingsAdapterRegistryImpl/" done in 4.000 μs
[13:30:41] [Worker-Main-19/TRACE] [REI] [END] Reloading Section: "end-reload/RecipeManagerContextImpl/"
[13:30:41] [Worker-Main-19/TRACE] [REI] [END] Reloading Section: "end-reload/RecipeManagerContextImpl/" done in 3.800 μs
[13:30:41] [Worker-Main-19/TRACE] [REI] [END] Reloading Section: "end-reload/ItemComparatorRegistryImpl/"
[13:30:41] [Worker-Main-19/TRACE] [REI] [END] Reloading Section: "end-reload/ItemComparatorRegistryImpl/" done in 4.600 μs
[13:30:41] [Worker-Main-19/TRACE] [REI] [END] Reloading Section: "end-reload/FluidComparatorRegistryImpl/"
[13:30:41] [Worker-Main-19/TRACE] [REI] [END] Reloading Section: "end-reload/FluidComparatorRegistryImpl/" done in 3.800 μs
[13:30:41] [Worker-Main-19/TRACE] [REI] [END] Reloading Section: "end-reload/DisplaySerializerRegistryImpl/"
[13:30:41] [Worker-Main-19/TRACE] [REI] [END] Reloading Section: "end-reload/DisplaySerializerRegistryImpl/" done in 4.300 μs
[13:30:41] [Worker-Main-19/TRACE] [REI] [END] Reloading Section: "end-reload/FluidSupportProviderImpl/"
[13:30:41] [Worker-Main-19/TRACE] [REI] [END] Reloading Section: "end-reload/FluidSupportProviderImpl/" done in 3.700 μs
[13:30:41] [Worker-Main-19/TRACE] [REI] [END] Reloading Section: "end-reload/" done in 590.6 μs
[13:30:41] [Worker-Main-19/TRACE] [REI] [END] Reloading Section: "start-reload/"
[13:30:41] [Worker-Main-19/TRACE] [REI] [END] Reloading Section: "start-reload/MenuInfoRegistryImpl/"
[13:30:41] [Worker-Main-19/TRACE] [REI] [END] Reloading Section: "start-reload/MenuInfoRegistryImpl/" done in 24.10 μs
[13:30:41] [Worker-Main-19/TRACE] [REI] [END] Reloading Section: "start-reload/" done in 98.10 μs
[13:30:41] [Worker-Main-19/INFO] [REI] Reloading Plugin Manager [REIServerPlugin] stage [END], registered 3 plugins: DefaultRuntimePlugin of DefaultRuntimePlugin [roughlyenoughitems], REI Plugin Compatibilities Server Handler of REI Plugin Compatibilities Server Handler [rei_plugin_compatibilities, jei], DefaultPluginImpl of DefaultPluginImpl [roughlyenoughitems]
[13:30:41] [Worker-Main-19/TRACE] [REI] [END] Reloading Section: "reloadable-plugin/MenuInfoRegistryImpl/"
[13:30:41] [Worker-Main-19/TRACE] [REI] [END] Reloading Section: "reloadable-plugin/MenuInfoRegistryImpl/DefaultPluginImpl of DefaultPluginImpl [roughlyenoughitems]/"
[13:30:41] [Worker-Main-19/DEBUG] [REI] Added menu info for class net.minecraft.world.inventory.CraftingMenu [minecraft:plugins/crafting]: me.shedaniel.rei.api.common.transfer.info.simple.SimpleMenuInfoProvider$$Lambda$26828/0x00000008038cccb0@3b5e78b4
[13:30:41] [Worker-Main-19/DEBUG] [REI] Added menu info for class net.minecraft.world.inventory.InventoryMenu [minecraft:plugins/crafting]: me.shedaniel.rei.api.common.transfer.info.simple.SimpleMenuInfoProvider$$Lambda$26828/0x00000008038cccb0@1e0f984f
[13:30:41] [Worker-Main-19/DEBUG] [REI] Added menu info for class net.minecraft.world.inventory.FurnaceMenu [minecraft:plugins/smelting]: me.shedaniel.rei.api.common.transfer.info.simple.SimpleMenuInfoProvider$$Lambda$26828/0x00000008038cccb0@62e61fe3
[13:30:41] [Worker-Main-19/DEBUG] [REI] Added menu info for class net.minecraft.world.inventory.SmokerMenu [minecraft:plugins/smoking]: me.shedaniel.rei.api.common.transfer.info.simple.SimpleMenuInfoProvider$$Lambda$26828/0x00000008038cccb0@7b5f6fd2
[13:30:41] [Worker-Main-19/DEBUG] [REI] Added menu info for class net.minecraft.world.inventory.BlastFurnaceMenu [minecraft:plugins/blasting]: me.shedaniel.rei.api.common.transfer.info.simple.SimpleMenuInfoProvider$$Lambda$26828/0x00000008038cccb0@296f8b61
[13:30:41] [Worker-Main-19/TRACE] [REI] [END] Reloading Section: "reloadable-plugin/MenuInfoRegistryImpl/DefaultPluginImpl of DefaultPluginImpl [roughlyenoughitems]/" done in 7.187 ms
[13:30:41] [Worker-Main-19/TRACE] [REI] [END] Reloading Section: "reloadable-plugin/MenuInfoRegistryImpl/REI Plugin Compatibilities Server Handler of REI Plugin Compatibilities Server Handler [rei_plugin_compatibilities, jei]/"
[13:30:41] [Worker-Main-19/DEBUG] [REI] Added generic menu info for: me.shedaniel.rei.plugincompatibilities.JjRXEinRS5j.qf85riBXVRB@1c15c9ca
[13:30:41] [Worker-Main-19/TRACE] [REI] [END] Reloading Section: "reloadable-plugin/MenuInfoRegistryImpl/REI Plugin Compatibilities Server Handler of REI Plugin Compatibilities Server Handler [rei_plugin_compatibilities, jei]/" done in 3.434 ms
[13:30:41] [Worker-Main-19/TRACE] [REI] [END] Reloading Section: "reloadable-plugin/MenuInfoRegistryImpl/DefaultRuntimePlugin of DefaultRuntimePlugin [roughlyenoughitems]/"
[13:30:41] [Worker-Main-19/TRACE] [REI] [END] Reloading Section: "reloadable-plugin/MenuInfoRegistryImpl/DefaultRuntimePlugin of DefaultRuntimePlugin [roughlyenoughitems]/" done in 16.50 μs
[13:30:41] [Worker-Main-19/TRACE] [REI] [END] Reloading Section: "reloadable-plugin/MenuInfoRegistryImpl/" done in 11.07 ms
[13:30:41] [Worker-Main-19/TRACE] [REI] [END] Reloading Section: "end-reload/"
[13:30:41] [Worker-Main-19/TRACE] [REI] [END] Reloading Section: "end-reload/MenuInfoRegistryImpl/"
[13:30:41] [Worker-Main-19/DEBUG] [REI] Registered 5 menu infos
[13:30:41] [Worker-Main-19/TRACE] [REI] [END] Reloading Section: "end-reload/MenuInfoRegistryImpl/" done in 59.10 μs
[13:30:41] [Worker-Main-19/TRACE] [REI] [END] Reloading Section: "end-reload/" done in 144.8 μs
[13:30:41] [Worker-Main-19/TRACE] [REI] [END] Reloading Section: "post-register/"
[13:30:41] [Worker-Main-19/TRACE] [REI] [END] Reloading Section: "post-register/DefaultPluginImpl of DefaultPluginImpl [roughlyenoughitems]/"
[13:30:41] [Worker-Main-19/TRACE] [REI] [END] Reloading Section: "post-register/DefaultPluginImpl of DefaultPluginImpl [roughlyenoughitems]/" done in 7.100 μs
[13:30:41] [Worker-Main-19/TRACE] [REI] [END] Reloading Section: "post-register/DefaultRuntimePlugin of DefaultRuntimePlugin [roughlyenoughitems]/"
[13:30:41] [Worker-Main-19/TRACE] [REI] [END] Reloading Section: "post-register/DefaultRuntimePlugin of DefaultRuntimePlugin [roughlyenoughitems]/" done in 5.200 μs
[13:30:41] [Worker-Main-19/TRACE] [REI] [END] Reloading Section: "post-register/REI Plugin Compatibilities Server Handler of REI Plugin Compatibilities Server Handler [rei_plugin_compatibilities, jei]/"
[13:30:41] [Worker-Main-19/TRACE] [REI] [END] Reloading Section: "post-register/REI Plugin Compatibilities Server Handler of REI Plugin Compatibilities Server Handler [rei_plugin_compatibilities, jei]/" done in 5.000 μs
[13:30:41] [Worker-Main-19/TRACE] [REI] [END] Reloading Section: "post-register/" done in 236.0 μs
[13:30:41] [Worker-Main-19/INFO] [REI] Reloaded Plugin Manager [REIPlugin] with 3 plugins in 31.36 ms.
[13:30:41] [Worker-Main-19/TRACE] [REI] [END] Reloading Section: "post-register/"
[13:30:41] [Worker-Main-19/TRACE] [REI] [END] Reloading Section: "post-register/DefaultPluginImpl of DefaultPluginImpl [roughlyenoughitems]/"
[13:30:41] [Worker-Main-19/TRACE] [REI] [END] Reloading Section: "post-register/DefaultPluginImpl of DefaultPluginImpl [roughlyenoughitems]/" done in 8.500 μs
[13:30:41] [Worker-Main-19/TRACE] [REI] [END] Reloading Section: "post-register/REI Plugin Compatibilities Server Handler of REI Plugin Compatibilities Server Handler [rei_plugin_compatibilities, jei]/"
[13:30:41] [Worker-Main-19/TRACE] [REI] [END] Reloading Section: "post-register/REI Plugin Compatibilities Server Handler of REI Plugin Compatibilities Server Handler [rei_plugin_compatibilities, jei]/" done in 5.600 μs
[13:30:41] [Worker-Main-19/TRACE] [REI] [END] Reloading Section: "post-register/DefaultRuntimePlugin of DefaultRuntimePlugin [roughlyenoughitems]/"
[13:30:41] [Worker-Main-19/TRACE] [REI] [END] Reloading Section: "post-register/DefaultRuntimePlugin of DefaultRuntimePlugin [roughlyenoughitems]/" done in 6.200 μs
[13:30:41] [Worker-Main-19/TRACE] [REI] [END] Reloading Section: "post-register/" done in 282.2 μs
[13:30:41] [Worker-Main-19/INFO] [REI] Reloaded Plugin Manager [REIServerPlugin] with 3 plugins in 12.99 ms.
